[2015-04-14 15:49:50] START
[2015-04-14 15:50:05] CREATE smartapp-db.py: 0
[2015-04-14 15:50:59] EDIT smartapp/models/smartapp-db.py: 15
[2015-04-14 15:51:35] EDIT smartapp/controllers/default.py: 42
[2015-04-14 15:51:48] EDIT smartapp/controllers/default.py: 0
[2015-04-14 15:53:11] EDIT smartapp/models/smartapp-db.py: 0
[2015-04-14 15:55:53] EDIT smartapp/models/db.py: 0
[2015-04-14 15:55:54] EDIT smartapp/models/db.py: 0
[2015-04-14 15:57:57] EDIT smartapp/models/smartapp-db.py: 0
[2015-04-14 15:58:08] EDIT smartapp/models/smartapp-db.py: 0
[2015-04-14 15:58:42] EDIT smartapp/models/db.py: 15
[2015-04-14 15:58:42] EDIT smartapp/models/db.py: 0
[2015-04-14 15:59:43] EDIT smartapp/models/db.py: -15
[2015-04-14 16:02:20] EDIT smartapp/models/db.py: 0
[2015-04-14 16:02:41] EDIT smartapp/models/db.py: 15
[2015-04-14 16:02:42] EDIT smartapp/models/db.py: 0
[2015-04-14 16:38:26] EDIT smartapp/controllers/default.py: 0
[2015-04-14 16:38:27] EDIT smartapp/controllers/default.py: 0
[2015-04-14 16:39:26] EDIT smartapp/controllers/default.py: 0
[2015-04-23 10:59:01] EDIT smartapp/models/db.py: 10
[2015-04-23 10:59:45] EDIT smartapp/models/db.py: -1
[2015-04-23 10:59:50] EDIT smartapp/models/db.py: 0
[2015-04-23 11:00:22] EDIT smartapp/models/db.py: 0
[2015-04-23 11:00:27] EDIT smartapp/models/db.py: 0
[2015-04-23 11:00:31] EDIT smartapp/models/db.py: 0
[2015-04-23 11:00:36] EDIT smartapp/models/db.py: 0
[2015-04-23 11:00:57] EDIT smartapp/models/db.py: -4
[2015-04-23 11:00:59] EDIT smartapp/models/db.py: 0
[2015-04-23 11:01:16] EDIT smartapp/models/db.py: 0
[2015-04-23 11:01:22] EDIT smartapp/models/db.py: 0
[2015-04-23 11:01:55] EDIT smartapp/models/db.py: 1
[2015-04-23 11:02:03] EDIT smartapp/models/db.py: 0
[2015-04-23 11:02:27] EDIT smartapp/controllers/default.py: 0
[2015-04-23 11:02:36] EDIT smartapp/controllers/default.py: 0
[2015-04-23 11:02:45] EDIT smartapp/controllers/default.py: 0
[2015-04-23 11:02:47] EDIT smartapp/controllers/default.py: 0
[2015-04-23 11:05:09] EDIT smartapp/controllers/default.py: 8
[2015-04-23 11:07:58] EDIT smartapp/controllers/default.py: 2
[2015-04-23 11:08:24] EDIT smartapp/controllers/default.py: 0
[2015-04-23 11:08:26] EDIT smartapp/controllers/default.py: 0
[2015-04-23 11:13:30] EDIT smartapp/controllers/default.py: 4
[2015-04-23 11:16:04] EDIT smartapp/controllers/default.py: 0
[2015-04-23 11:17:58] EDIT smartapp/controllers/default.py: 0
[2015-04-23 11:18:03] EDIT smartapp/controllers/default.py: 0
[2015-04-23 11:18:10] EDIT smartapp/controllers/default.py: 0
[2015-04-23 11:18:11] EDIT smartapp/controllers/default.py: 0
[2015-04-23 11:24:56] EDIT smartapp/controllers/default.py: 1
[2015-04-23 11:25:11] EDIT smartapp/controllers/default.py: 0
[2015-04-23 11:25:13] EDIT smartapp/controllers/default.py: 0
[2015-04-23 11:25:17] EDIT smartapp/controllers/default.py: 0
[2015-04-23 11:25:21] EDIT smartapp/controllers/default.py: 0
[2015-04-23 11:25:33] EDIT smartapp/controllers/default.py: 0
[2015-04-23 11:25:39] EDIT smartapp/controllers/default.py: 0
[2015-04-23 11:25:44] EDIT smartapp/controllers/default.py: -1
[2015-04-23 11:25:46] EDIT smartapp/controllers/default.py: 0
[2015-04-23 11:25:47] EDIT smartapp/controllers/default.py: 0
[2015-04-23 11:26:15] EDIT smartapp/controllers/default.py: 0
[2015-04-23 11:26:18] EDIT smartapp/controllers/default.py: 0
[2015-04-23 11:26:55] EDIT smartapp/controllers/default.py: 2
[2015-04-23 11:27:09] EDIT smartapp/controllers/default.py: 0
[2015-04-23 11:27:11] EDIT smartapp/controllers/default.py: 0
[2015-04-23 11:27:22] EDIT smartapp/controllers/default.py: -1
[2015-04-23 11:27:29] EDIT smartapp/controllers/default.py: -1
[2015-04-23 11:27:37] EDIT smartapp/controllers/default.py: 0
[2015-04-23 11:27:40] EDIT smartapp/controllers/default.py: 0
[2015-04-23 11:27:50] EDIT smartapp/controllers/default.py: 0
[2015-04-23 11:28:00] EDIT smartapp/controllers/default.py: 0
[2015-04-23 11:28:07] EDIT smartapp/controllers/default.py: 0
[2015-04-23 11:28:41] EDIT smartapp/controllers/default.py: 0
[2015-04-23 11:28:48] EDIT smartapp/controllers/default.py: 0
[2015-04-23 11:28:52] EDIT smartapp/controllers/default.py: 0
[2015-04-23 11:29:01] EDIT smartapp/controllers/default.py: 0
[2015-04-23 11:29:20] EDIT smartapp/controllers/default.py: 0
[2015-04-23 11:29:24] EDIT smartapp/controllers/default.py: 0
[2015-04-23 11:39:26] EDIT smartapp/controllers/default.py: 1
[2015-04-23 11:45:09] EDIT smartapp/controllers/default.py: 5
[2015-04-23 11:46:11] EDIT smartapp/controllers/default.py: 2
[2015-04-23 11:46:27] EDIT smartapp/controllers/default.py: 0
[2015-04-23 11:46:33] EDIT smartapp/controllers/default.py: 1
[2015-04-23 11:46:41] EDIT smartapp/controllers/default.py: 0
[2015-04-23 11:46:48] EDIT smartapp/controllers/default.py: 0
[2015-04-23 11:48:04] EDIT smartapp/controllers/default.py: 0
[2015-04-23 11:48:08] EDIT smartapp/controllers/default.py: 0
[2015-04-23 11:49:58] EDIT smartapp/controllers/default.py: 0
[2015-04-23 11:50:44] EDIT smartapp/controllers/default.py: 0
[2015-04-23 11:51:29] EDIT smartapp/controllers/default.py: -1
[2015-04-23 11:51:29] EDIT smartapp/controllers/default.py: 0
[2015-04-23 11:51:55] EDIT smartapp/controllers/default.py: 0
[2015-04-23 11:51:55] EDIT smartapp/controllers/default.py: 0
[2015-04-23 11:52:30] EDIT smartapp/controllers/default.py: 0
[2015-04-23 11:52:30] EDIT smartapp/controllers/default.py: 0
[2015-04-23 11:54:21] EDIT smartapp/controllers/default.py: 0
[2015-04-23 11:54:22] EDIT smartapp/controllers/default.py: 0
[2015-04-23 11:54:48] EDIT smartapp/controllers/default.py: 0
[2015-04-23 12:10:20] EDIT smartapp/controllers/default.py: 8
[2015-04-23 12:10:37] EDIT smartapp/controllers/default.py: 0
[2015-04-23 12:10:53] EDIT smartapp/controllers/default.py: -2
[2015-04-23 12:10:55] EDIT smartapp/controllers/default.py: -1
[2015-04-23 12:11:18] EDIT smartapp/controllers/default.py: 0
[2015-04-23 12:11:29] EDIT smartapp/controllers/default.py: 0
[2015-04-23 12:11:49] EDIT smartapp/controllers/default.py: 0
[2015-04-23 12:15:30] EDIT smartapp/controllers/default.py: -2
[2015-04-23 12:15:31] EDIT smartapp/controllers/default.py: 0
[2015-04-23 12:17:48] EDIT smartapp/controllers/default.py: 0
[2015-04-23 12:18:20] EDIT smartapp/controllers/default.py: 0
[2015-04-23 12:18:20] EDIT smartapp/controllers/default.py: 0
[2015-04-23 12:21:07] EDIT smartapp/controllers/default.py: 0
[2015-04-23 12:21:10] EDIT smartapp/controllers/default.py: 0
[2015-04-23 12:21:12] EDIT smartapp/controllers/default.py: 0
[2015-04-23 12:21:39] EDIT smartapp/controllers/default.py: 0
[2015-04-23 12:23:54] EDIT smartapp/controllers/default.py: 0
[2015-04-23 12:23:54] EDIT smartapp/controllers/default.py: 0
[2015-04-23 12:24:21] EDIT smartapp/controllers/default.py: 0
[2015-04-23 12:36:50] EDIT smartapp/controllers/default.py: 0
[2015-04-23 12:41:57] EDIT smartapp/controllers/default.py: 0
[2015-04-23 12:41:57] EDIT smartapp/controllers/default.py: 0
[2015-04-23 12:42:04] EDIT smartapp/controllers/default.py: -1
[2015-04-23 12:43:20] EDIT smartapp/controllers/default.py: 1
[2015-04-23 12:44:01] EDIT smartapp/controllers/default.py: 0
[2015-04-23 12:44:52] EDIT smartapp/controllers/default.py: 0
[2015-04-23 12:44:54] EDIT smartapp/controllers/default.py: 0
[2015-04-23 12:44:55] EDIT smartapp/controllers/default.py: 0
[2015-04-23 12:45:06] EDIT smartapp/controllers/default.py: 0
[2015-04-23 12:45:07] EDIT smartapp/controllers/default.py: 0
[2015-04-23 12:45:19] EDIT smartapp/controllers/default.py: 0
[2015-04-23 12:45:36] EDIT smartapp/controllers/default.py: 0
[2015-04-23 12:45:38] EDIT smartapp/controllers/default.py: 0
[2015-04-23 12:46:33] EDIT smartapp/controllers/default.py: 1
[2015-04-23 12:46:38] EDIT smartapp/controllers/default.py: 0
[2015-04-23 12:46:42] EDIT smartapp/controllers/default.py: 0
[2015-04-23 12:46:43] EDIT smartapp/controllers/default.py: 0
[2015-04-23 12:47:23] EDIT smartapp/controllers/default.py: -2
[2015-04-23 12:49:08] EDIT smartapp/controllers/default.py: 0
[2015-04-23 12:49:39] EDIT smartapp/controllers/default.py: 0
[2015-04-23 12:49:50] EDIT smartapp/controllers/default.py: 0
[2015-04-23 12:50:31] EDIT smartapp/controllers/default.py: 0
[2015-04-23 12:50:44] EDIT smartapp/controllers/default.py: 0
[2015-04-23 12:51:43] EDIT smartapp/controllers/default.py: 0
[2015-04-23 12:51:44] EDIT smartapp/controllers/default.py: 0
[2015-04-23 12:51:50] EDIT smartapp/controllers/default.py: 0
[2015-04-23 13:03:11] EDIT smartapp/controllers/default.py: 0
[2015-04-23 13:03:25] EDIT smartapp/controllers/default.py: 0
[2015-04-23 13:53:46] EDIT smartapp/controllers/default.py: 0
[2015-04-23 13:53:47] EDIT smartapp/controllers/default.py: 0
[2015-04-23 13:53:54] EDIT smartapp/controllers/default.py: 0
[2015-04-23 13:53:54] EDIT smartapp/controllers/default.py: 0
[2015-04-23 13:54:23] EDIT smartapp/controllers/default.py: 0
[2015-04-23 13:54:59] EDIT smartapp/controllers/default.py: 0
[2015-04-23 13:55:05] EDIT smartapp/controllers/default.py: 0
[2015-04-23 13:55:22] EDIT smartapp/controllers/default.py: 0
[2015-04-23 13:55:23] EDIT smartapp/controllers/default.py: 0
[2015-04-23 13:56:10] EDIT smartapp/controllers/default.py: 0
[2015-04-23 13:56:11] EDIT smartapp/controllers/default.py: 0
[2015-04-23 13:56:14] EDIT smartapp/controllers/default.py: 0
[2015-04-23 13:57:07] EDIT smartapp/controllers/default.py: 1
[2015-04-23 13:57:48] EDIT smartapp/controllers/default.py: 0
[2015-04-23 13:58:05] EDIT smartapp/controllers/default.py: 0
[2015-04-23 14:04:12] EDIT smartapp/controllers/default.py: 0
[2015-04-23 14:04:18] EDIT smartapp/controllers/default.py: 0
[2015-04-23 14:05:01] EDIT smartapp/controllers/default.py: 0
[2015-04-23 14:05:25] EDIT smartapp/controllers/default.py: 0
[2015-04-23 14:05:48] EDIT smartapp/controllers/default.py: 0
[2015-04-23 14:07:21] EDIT smartapp/controllers/default.py: -1
[2015-04-23 14:07:25] EDIT smartapp/controllers/default.py: 0
[2015-04-23 14:07:39] EDIT smartapp/controllers/default.py: 0
[2015-04-23 14:12:34] EDIT smartapp/controllers/default.py: 9
[2015-04-23 14:12:37] EDIT smartapp/controllers/default.py: 0
[2015-04-23 14:12:38] EDIT smartapp/controllers/default.py: 0
[2015-04-23 14:13:18] EDIT smartapp/controllers/default.py: 0
[2015-04-23 14:13:26] EDIT smartapp/controllers/default.py: 0
[2015-04-23 14:13:33] EDIT smartapp/controllers/default.py: 0
[2015-04-23 14:14:18] EDIT smartapp/controllers/default.py: 0
[2015-04-23 14:14:51] EDIT smartapp/controllers/default.py: 1
[2015-04-23 14:14:59] EDIT smartapp/controllers/default.py: 0
[2015-04-23 14:18:52] EDIT smartapp/controllers/default.py: 0
[2015-04-23 14:20:50] EDIT smartapp/controllers/default.py: 0
[2015-04-23 14:21:03] EDIT smartapp/controllers/default.py: 0
[2015-04-23 14:21:09] EDIT smartapp/controllers/default.py: -1
[2015-04-23 14:24:19] EDIT smartapp/controllers/default.py: 0
[2015-04-23 14:24:23] EDIT smartapp/controllers/default.py: 0
[2015-04-23 14:28:31] EDIT smartapp/controllers/default.py: 1
[2015-04-23 14:31:39] EDIT smartapp/controllers/default.py: 1
[2015-04-23 14:32:23] EDIT smartapp/controllers/default.py: 0
[2015-04-23 14:34:36] EDIT smartapp/controllers/default.py: 0
[2015-04-23 14:35:28] EDIT smartapp/controllers/default.py: 0
[2015-04-23 14:35:38] EDIT smartapp/controllers/default.py: 0
[2015-04-23 14:35:53] EDIT smartapp/controllers/default.py: 0
[2015-04-23 14:35:55] EDIT smartapp/controllers/default.py: 0
[2015-04-23 14:36:00] EDIT smartapp/controllers/default.py: 0
[2015-04-23 14:36:12] EDIT smartapp/controllers/default.py: 0
[2015-04-23 14:36:27] EDIT smartapp/controllers/default.py: 1
[2015-04-23 14:36:30] EDIT smartapp/controllers/default.py: 0
[2015-04-23 14:36:50] EDIT smartapp/controllers/default.py: 0
[2015-04-23 14:37:55] EDIT smartapp/controllers/default.py: 0
[2015-04-23 14:38:05] EDIT smartapp/controllers/default.py: 1
[2015-04-23 14:38:13] EDIT smartapp/controllers/default.py: 0
[2015-04-23 14:38:25] EDIT smartapp/controllers/default.py: 0
[2015-04-23 14:38:35] EDIT smartapp/controllers/default.py: 1
[2015-04-23 14:38:50] EDIT smartapp/controllers/default.py: 0
[2015-04-23 14:38:58] EDIT smartapp/controllers/default.py: 0
[2015-04-23 14:39:33] EDIT smartapp/controllers/default.py: -1
[2015-04-23 14:39:54] EDIT smartapp/controllers/default.py: 0
[2015-04-23 14:40:11] EDIT smartapp/controllers/default.py: 0
[2015-04-23 14:40:20] EDIT smartapp/controllers/default.py: 1
[2015-04-23 14:40:21] EDIT smartapp/controllers/default.py: 0
[2015-04-23 14:40:27] EDIT smartapp/controllers/default.py: 0
[2015-04-23 14:40:35] EDIT smartapp/controllers/default.py: 0
[2015-04-23 14:40:45] EDIT smartapp/controllers/default.py: 0
[2015-04-23 14:40:55] EDIT smartapp/controllers/default.py: 0
[2015-04-23 14:41:24] EDIT smartapp/controllers/default.py: 2
[2015-04-23 14:43:19] EDIT smartapp/controllers/default.py: 0
[2015-04-23 14:43:20] EDIT smartapp/controllers/default.py: 0
[2015-04-23 14:44:53] EDIT smartapp/controllers/default.py: 0
[2015-04-23 14:45:08] EDIT smartapp/controllers/default.py: 0
[2015-04-23 14:45:09] EDIT smartapp/controllers/default.py: 0
[2015-04-23 14:45:15] EDIT smartapp/controllers/default.py: 0
[2015-04-23 14:45:49] EDIT smartapp/controllers/default.py: 0
[2015-04-23 14:46:01] EDIT smartapp/controllers/default.py: 0
[2015-04-23 14:46:55] EDIT smartapp/controllers/default.py: 0
[2015-04-23 14:47:26] EDIT smartapp/controllers/default.py: -1
[2015-04-23 14:48:34] EDIT smartapp/controllers/default.py: 0
[2015-04-23 14:48:38] EDIT smartapp/controllers/default.py: 0
[2015-04-23 14:48:40] EDIT smartapp/controllers/default.py: 0
[2015-04-23 14:48:41] EDIT smartapp/controllers/default.py: 0
[2015-04-23 14:48:43] EDIT smartapp/controllers/default.py: 0
[2015-04-23 14:48:45] EDIT smartapp/controllers/default.py: 0
[2015-04-23 14:48:46] EDIT smartapp/controllers/default.py: 0
[2015-04-23 14:48:48] EDIT smartapp/controllers/default.py: 0
[2015-04-23 14:48:50] EDIT smartapp/controllers/default.py: 0
[2015-04-23 14:48:52] EDIT smartapp/controllers/default.py: 0
[2015-04-23 14:48:54] EDIT smartapp/controllers/default.py: 0
[2015-04-23 14:49:08] EDIT smartapp/controllers/default.py: 0
[2015-04-23 14:50:02] EDIT smartapp/controllers/default.py: 0
[2015-04-23 14:53:24] EDIT smartapp/controllers/default.py: 1
[2015-04-23 14:53:29] EDIT smartapp/controllers/default.py: 0
[2015-04-23 14:53:33] EDIT smartapp/controllers/default.py: 0
[2015-04-23 14:53:37] EDIT smartapp/controllers/default.py: 0
[2015-04-23 14:53:41] EDIT smartapp/controllers/default.py: 0
[2015-04-23 14:53:46] EDIT smartapp/controllers/default.py: 0
[2015-04-23 14:53:56] EDIT smartapp/controllers/default.py: 0
[2015-04-23 14:54:41] EDIT smartapp/controllers/default.py: 0
[2015-04-23 14:54:47] EDIT smartapp/controllers/default.py: 0
[2015-04-23 14:55:10] EDIT smartapp/controllers/default.py: 0
[2015-04-23 14:55:12] EDIT smartapp/controllers/default.py: 0
[2015-04-23 14:56:38] EDIT smartapp/controllers/default.py: 0
[2015-04-23 14:57:03] EDIT smartapp/controllers/default.py: 3
[2015-04-23 14:57:06] EDIT smartapp/controllers/default.py: 0
[2015-04-23 14:57:14] EDIT smartapp/controllers/default.py: 0
[2015-04-23 14:57:19] EDIT smartapp/controllers/default.py: 0
[2015-04-23 14:57:26] EDIT smartapp/controllers/default.py: 0
[2015-04-23 14:57:32] EDIT smartapp/controllers/default.py: 0
[2015-04-23 14:57:48] EDIT smartapp/controllers/default.py: 1
[2015-04-23 14:58:06] EDIT smartapp/controllers/default.py: -1
[2015-04-23 14:58:06] EDIT smartapp/controllers/default.py: 0
[2015-04-23 15:00:02] EDIT smartapp/controllers/default.py: 0
[2015-04-23 15:00:31] EDIT smartapp/controllers/default.py: 0
[2015-04-23 15:00:56] EDIT smartapp/controllers/default.py: 0
[2015-04-23 15:01:15] EDIT smartapp/controllers/default.py: 0
[2015-04-23 15:01:43] EDIT smartapp/controllers/default.py: 0
[2015-04-23 15:02:05] EDIT smartapp/controllers/default.py: 0
[2015-04-23 15:02:05] EDIT smartapp/controllers/default.py: 0
[2015-04-23 15:02:12] EDIT smartapp/controllers/default.py: 0
[2015-04-23 15:02:19] EDIT smartapp/controllers/default.py: 0
[2015-04-23 15:02:40] EDIT smartapp/controllers/default.py: 0
[2015-04-23 15:02:40] EDIT smartapp/controllers/default.py: 0
[2015-04-23 15:03:07] EDIT smartapp/controllers/default.py: 0
[2015-04-23 15:03:08] EDIT smartapp/controllers/default.py: 0
[2015-04-23 15:05:31] EDIT smartapp/controllers/default.py: 0
[2015-04-23 15:05:43] EDIT smartapp/controllers/default.py: 0
[2015-04-23 15:06:17] EDIT smartapp/controllers/default.py: 0
[2015-04-23 15:06:17] EDIT smartapp/controllers/default.py: 0
[2015-04-23 15:06:37] EDIT smartapp/controllers/default.py: 0
[2015-04-23 15:06:51] EDIT smartapp/controllers/default.py: 0
[2015-04-23 15:07:05] EDIT smartapp/controllers/default.py: 0
[2015-04-23 15:07:26] EDIT smartapp/controllers/default.py: 0
[2015-04-23 15:08:02] EDIT smartapp/controllers/default.py: -5
[2015-04-23 15:10:03] EDIT smartapp/controllers/default.py: 8
[2015-04-23 15:10:24] EDIT smartapp/controllers/default.py: 0
[2015-04-23 15:10:35] EDIT smartapp/controllers/default.py: 0
[2015-04-23 15:10:40] EDIT smartapp/controllers/default.py: 0
[2015-04-23 15:10:46] EDIT smartapp/controllers/default.py: 0
[2015-04-23 15:10:55] EDIT smartapp/controllers/default.py: 0
[2015-04-23 15:11:00] EDIT smartapp/controllers/default.py: 0
[2015-04-23 15:11:04] EDIT smartapp/controllers/default.py: 0
[2015-04-23 15:11:05] EDIT smartapp/controllers/default.py: 0
[2015-04-23 15:11:11] EDIT smartapp/controllers/default.py: 0
[2015-04-23 15:11:13] EDIT smartapp/controllers/default.py: 0
[2015-04-23 15:13:53] EDIT smartapp/models/db.py: 1
[2015-04-23 15:13:59] EDIT smartapp/models/db.py: 0
[2015-04-23 15:19:44] EDIT smartapp/controllers/default.py: 0
[2015-04-23 15:21:56] EDIT smartapp/controllers/default.py: 1
[2015-04-23 15:22:14] EDIT smartapp/controllers/default.py: 2
[2015-04-23 15:22:22] EDIT smartapp/controllers/default.py: 0
[2015-04-23 15:22:25] EDIT smartapp/controllers/default.py: 0
[2015-04-23 15:22:31] EDIT smartapp/controllers/default.py: 0
[2015-04-23 15:23:18] EDIT smartapp/controllers/default.py: 0
[2015-04-23 15:23:44] EDIT smartapp/controllers/default.py: 1
[2015-04-23 15:23:52] EDIT smartapp/controllers/default.py: 0
[2015-04-23 15:24:01] EDIT smartapp/controllers/default.py: 1
[2015-04-23 15:24:06] EDIT smartapp/controllers/default.py: 0
[2015-04-23 15:24:12] EDIT smartapp/controllers/default.py: 0
[2015-04-23 15:25:54] EDIT smartapp/controllers/default.py: 3
[2015-04-23 15:25:58] EDIT smartapp/controllers/default.py: 0
[2015-04-23 15:27:41] EDIT smartapp/controllers/default.py: 1
[2015-04-23 15:27:53] EDIT smartapp/controllers/default.py: 1
[2015-04-23 15:27:57] EDIT smartapp/controllers/default.py: 0
[2015-04-23 15:28:33] EDIT smartapp/controllers/default.py: 0
[2015-04-23 15:29:09] EDIT smartapp/controllers/default.py: 2
[2015-04-23 15:29:48] EDIT smartapp/controllers/default.py: 4
[2015-04-23 15:30:14] EDIT smartapp/controllers/default.py: 0
[2015-04-23 15:30:35] EDIT smartapp/controllers/default.py: -2
[2015-04-23 15:30:44] EDIT smartapp/controllers/default.py: 0
[2015-04-23 15:31:07] EDIT smartapp/controllers/default.py: 0
[2015-04-23 15:31:46] EDIT smartapp/controllers/default.py: 0
[2015-04-23 15:31:55] EDIT smartapp/controllers/default.py: 0
[2015-04-23 15:33:09] EDIT smartapp/controllers/default.py: 0
[2015-04-23 15:34:20] EDIT smartapp/controllers/default.py: 0
[2015-04-23 15:34:25] EDIT smartapp/controllers/default.py: 0
[2015-04-23 15:35:02] EDIT smartapp/controllers/default.py: 3
[2015-04-23 15:35:33] EDIT smartapp/controllers/default.py: 0
[2015-04-23 15:35:40] EDIT smartapp/controllers/default.py: 0
[2015-04-23 15:38:39] EDIT smartapp/controllers/default.py: 0
[2015-04-23 15:40:04] EDIT smartapp/controllers/default.py: -1
[2015-04-23 15:40:39] EDIT smartapp/controllers/default.py: 0
[2015-04-23 15:40:57] EDIT smartapp/controllers/default.py: 0
[2015-04-23 15:41:18] EDIT smartapp/controllers/default.py: 0
[2015-04-23 15:41:34] EDIT smartapp/controllers/default.py: 0
[2015-04-23 15:41:39] EDIT smartapp/controllers/default.py: -3
[2015-04-23 15:41:48] EDIT smartapp/controllers/default.py: 3
[2015-04-23 15:41:49] EDIT smartapp/controllers/default.py: 0
[2015-04-23 15:42:05] EDIT smartapp/controllers/default.py: -3
[2015-04-23 15:42:17] EDIT smartapp/controllers/default.py: 3
[2015-04-23 15:42:25] EDIT smartapp/controllers/default.py: 0
[2015-04-23 15:42:51] EDIT smartapp/controllers/default.py: 0
[2015-04-23 15:42:51] EDIT smartapp/controllers/default.py: 0
[2015-04-23 15:43:12] EDIT smartapp/controllers/default.py: 1
[2015-04-23 15:43:41] EDIT smartapp/controllers/default.py: 2
[2015-04-23 15:43:55] EDIT smartapp/controllers/default.py: 0
[2015-04-23 15:44:07] EDIT smartapp/controllers/default.py: 0
[2015-04-23 15:44:22] EDIT smartapp/controllers/default.py: 0
[2015-04-23 15:44:50] EDIT smartapp/controllers/default.py: 0
[2015-04-23 15:45:13] EDIT smartapp/controllers/default.py: 0
[2015-04-23 15:47:03] EDIT smartapp/controllers/default.py: 0
[2015-04-23 15:47:39] EDIT smartapp/controllers/default.py: 0
[2015-04-23 15:47:40] EDIT smartapp/controllers/default.py: 0
[2015-04-23 15:48:09] EDIT smartapp/controllers/default.py: 0
[2015-04-23 15:48:34] EDIT smartapp/controllers/default.py: 0
[2015-04-23 15:48:51] EDIT smartapp/controllers/default.py: 0
[2015-04-23 15:49:08] EDIT smartapp/controllers/default.py: 0
[2015-04-23 15:49:20] EDIT smartapp/controllers/default.py: 0
[2015-04-23 15:49:21] EDIT smartapp/controllers/default.py: 0
[2015-04-23 15:49:31] EDIT smartapp/controllers/default.py: 0
[2015-04-23 15:50:57] EDIT smartapp/controllers/default.py: 0
[2015-04-23 15:51:08] EDIT smartapp/controllers/default.py: 0
[2015-04-23 15:51:28] EDIT smartapp/controllers/default.py: 0
[2015-04-23 15:51:50] EDIT smartapp/controllers/default.py: 0
[2015-04-23 15:54:11] EDIT smartapp/controllers/default.py: 0
[2015-04-23 15:54:27] EDIT smartapp/controllers/default.py: 0
[2015-04-23 15:54:28] EDIT smartapp/controllers/default.py: 0
[2015-04-23 15:54:48] EDIT smartapp/controllers/default.py: 1
[2015-04-23 15:54:52] EDIT smartapp/controllers/default.py: 0
[2015-04-23 15:55:00] EDIT smartapp/controllers/default.py: 0
[2015-04-23 15:58:09] EDIT smartapp/controllers/default.py: 0
[2015-04-23 15:59:15] EDIT smartapp/controllers/default.py: 0
[2015-04-23 15:59:34] EDIT smartapp/controllers/default.py: -3
[2015-04-23 16:02:01] EDIT smartapp/controllers/default.py: 5
[2015-04-23 16:02:05] EDIT smartapp/controllers/default.py: 0
[2015-04-23 16:02:32] EDIT smartapp/controllers/default.py: 0
[2015-04-23 16:02:36] EDIT smartapp/controllers/default.py: 0
[2015-04-23 16:03:18] EDIT smartapp/controllers/default.py: 0
[2015-04-23 16:04:05] EDIT smartapp/controllers/default.py: 0
[2015-04-23 18:30:39] EDIT smartapp/controllers/default.py: 0
[2015-04-23 18:30:46] EDIT smartapp/controllers/default.py: 0
[2015-04-23 18:30:51] EDIT smartapp/controllers/default.py: 0
[2015-04-23 18:33:47] EDIT smartapp/controllers/default.py: 0
[2015-04-23 18:33:48] EDIT smartapp/controllers/default.py: 0
[2015-04-23 18:33:52] EDIT smartapp/controllers/default.py: 0
[2015-04-23 18:41:25] EDIT smartapp/controllers/default.py: 0
[2015-04-23 18:41:32] EDIT smartapp/controllers/default.py: -1
[2015-04-23 18:43:38] EDIT smartapp/controllers/default.py: 0
[2015-04-23 18:43:45] EDIT smartapp/controllers/default.py: 0
[2015-04-23 18:44:38] EDIT smartapp/controllers/default.py: 0
[2015-04-23 18:46:29] EDIT smartapp/controllers/default.py: 0
[2015-04-23 18:48:02] EDIT smartapp/controllers/default.py: 0
[2015-04-23 18:48:54] EDIT smartapp/controllers/default.py: 0
[2015-04-23 18:56:43] EDIT smartapp/controllers/default.py: 2
[2015-04-23 18:56:48] EDIT smartapp/controllers/default.py: 0
[2015-04-23 18:57:34] EDIT smartapp/controllers/default.py: 0
[2015-04-23 18:57:41] EDIT smartapp/controllers/default.py: -1
[2015-04-23 18:59:49] EDIT smartapp/controllers/default.py: 0
[2015-04-23 18:59:59] EDIT smartapp/controllers/default.py: 0
[2015-04-23 19:00:25] EDIT smartapp/controllers/default.py: 0
[2015-04-23 19:05:18] EDIT smartapp/controllers/default.py: 0
[2015-04-23 19:05:18] EDIT smartapp/controllers/default.py: 0
[2015-04-23 19:05:35] EDIT smartapp/controllers/default.py: 0
[2015-04-23 19:05:44] EDIT smartapp/controllers/default.py: 0
[2015-04-23 19:06:50] EDIT smartapp/controllers/default.py: 0
[2015-04-23 19:07:27] EDIT smartapp/controllers/default.py: 0
[2015-04-23 19:10:15] EDIT smartapp/controllers/default.py: 0
[2015-04-23 19:10:15] EDIT smartapp/controllers/default.py: 0
[2015-04-23 19:10:22] EDIT smartapp/controllers/default.py: 0
[2015-04-23 19:10:58] EDIT smartapp/controllers/default.py: 0
[2015-04-23 19:10:58] EDIT smartapp/controllers/default.py: 0
[2015-04-23 19:15:59] EDIT smartapp/controllers/default.py: 2
[2015-04-23 19:16:04] EDIT smartapp/controllers/default.py: 0
[2015-04-23 19:16:13] EDIT smartapp/controllers/default.py: 0
[2015-04-23 19:16:17] EDIT smartapp/controllers/default.py: 0
[2015-04-23 19:16:22] EDIT smartapp/controllers/default.py: 0
[2015-04-23 22:06:40] EDIT smartapp/controllers/default.py: 1
[2015-04-23 22:08:05] EDIT smartapp/controllers/default.py: 2
[2015-04-23 22:09:17] EDIT smartapp/controllers/default.py: 3
[2015-04-23 22:09:22] EDIT smartapp/controllers/default.py: 0
[2015-04-23 22:09:32] EDIT smartapp/controllers/default.py: 0
[2015-04-23 22:09:36] EDIT smartapp/controllers/default.py: 0
[2015-04-23 22:09:42] EDIT smartapp/controllers/default.py: 0
[2015-04-23 22:10:21] EDIT smartapp/controllers/default.py: 3
[2015-04-23 22:10:25] EDIT smartapp/controllers/default.py: 0
[2015-04-23 22:11:55] EDIT smartapp/controllers/default.py: 3
[2015-04-23 22:12:01] EDIT smartapp/controllers/default.py: 0
[2015-04-23 22:13:10] EDIT smartapp/controllers/default.py: 0
[2015-04-23 22:14:50] EDIT smartapp/controllers/default.py: 3
[2015-04-23 22:14:53] EDIT smartapp/controllers/default.py: 0
[2015-04-23 22:14:58] EDIT smartapp/controllers/default.py: 0
[2015-04-23 22:15:54] EDIT smartapp/controllers/default.py: 2
[2015-04-23 22:16:24] EDIT smartapp/controllers/default.py: 0
[2015-04-23 22:16:29] EDIT smartapp/controllers/default.py: 0
[2015-04-23 22:16:32] EDIT smartapp/controllers/default.py: 0
[2015-04-23 22:17:08] EDIT smartapp/controllers/default.py: -4
[2015-04-23 22:17:27] EDIT smartapp/controllers/default.py: 0
[2015-04-23 22:17:28] EDIT smartapp/controllers/default.py: 0
[2015-04-23 22:17:31] EDIT smartapp/controllers/default.py: 0
[2015-04-23 22:17:41] EDIT smartapp/controllers/default.py: 0
[2015-04-23 22:17:46] EDIT smartapp/controllers/default.py: 0
[2015-04-23 22:17:55] EDIT smartapp/controllers/default.py: 0
[2015-04-23 22:18:11] EDIT smartapp/controllers/default.py: 0
[2015-04-23 22:18:48] EDIT smartapp/controllers/default.py: 0
[2015-04-23 22:19:15] EDIT smartapp/controllers/default.py: 0
[2015-04-23 22:19:22] EDIT smartapp/controllers/default.py: 0
[2015-04-23 22:20:31] EDIT smartapp/controllers/default.py: 0
[2015-04-23 22:21:26] EDIT smartapp/controllers/default.py: 0
[2015-04-23 22:23:54] EDIT smartapp/controllers/default.py: 0
[2015-04-23 22:23:55] EDIT smartapp/controllers/default.py: 0
[2015-04-23 22:26:19] EDIT smartapp/controllers/default.py: 9
[2015-04-23 22:26:27] EDIT smartapp/controllers/default.py: 0
[2015-04-27 11:46:42] EDIT smartapp/models/db.py: 8
[2015-04-27 11:55:40] EDIT smartapp/models/db.py: 0
[2015-04-27 11:55:50] EDIT smartapp/models/db.py: 0
[2015-04-27 11:58:30] EDIT smartapp/models/db.py: 9
[2015-04-27 11:58:34] EDIT smartapp/models/db.py: 0
[2015-04-27 11:58:38] EDIT smartapp/models/db.py: 0
[2015-04-27 11:59:23] EDIT smartapp/models/db.py: 1
[2015-04-27 11:59:43] EDIT smartapp/models/db.py: -8
[2015-04-27 11:59:51] EDIT smartapp/models/db.py: 0
[2015-04-27 12:00:05] EDIT smartapp/models/db.py: 0
[2015-04-27 12:02:48] EDIT smartapp/controllers/default.py: 6
[2015-04-27 12:06:32] EDIT smartapp/controllers/default.py: 15
[2015-04-27 12:06:39] EDIT smartapp/controllers/default.py: 0
[2015-04-27 12:07:45] EDIT smartapp/controllers/default.py: 0
[2015-04-27 12:08:01] EDIT smartapp/controllers/default.py: 0
[2015-04-27 12:08:15] EDIT smartapp/controllers/default.py: 0
[2015-04-27 12:08:40] EDIT smartapp/controllers/default.py: 0
[2015-04-27 12:19:46] EDIT smartapp/controllers/default.py: 0
[2015-04-27 12:22:43] EDIT smartapp/controllers/default.py: 9
[2015-04-27 12:22:52] EDIT smartapp/controllers/default.py: 0
[2015-04-27 12:23:34] EDIT smartapp/controllers/default.py: 0
[2015-04-27 12:23:38] EDIT smartapp/controllers/default.py: 0
[2015-04-27 12:25:49] EDIT smartapp/controllers/default.py: 0
[2015-04-27 12:26:05] EDIT smartapp/controllers/default.py: 0
[2015-04-27 12:26:08] EDIT smartapp/controllers/default.py: 0
[2015-04-27 12:26:20] EDIT smartapp/controllers/default.py: 0
[2015-04-27 12:26:26] EDIT smartapp/controllers/default.py: -9
[2015-04-27 12:26:26] EDIT smartapp/controllers/default.py: 0
[2015-04-27 12:27:06] EDIT smartapp/controllers/default.py: 42
[2015-04-27 12:27:22] EDIT smartapp/controllers/default.py: 0
[2015-04-27 12:28:24] EDIT smartapp/controllers/default.py: 0
[2015-04-27 12:28:54] EDIT smartapp/controllers/default.py: 1
[2015-04-27 12:31:46] EDIT smartapp/controllers/default.py: -1
[2015-04-27 12:31:51] EDIT smartapp/controllers/default.py: 0
[2015-04-27 12:33:10] EDIT smartapp/controllers/default.py: 0
[2015-04-27 12:33:25] EDIT smartapp/controllers/default.py: 0
[2015-04-27 12:34:47] EDIT smartapp/controllers/default.py: 0
[2015-04-27 12:34:48] EDIT smartapp/controllers/default.py: 0
[2015-04-27 12:34:59] EDIT smartapp/controllers/default.py: 0
[2015-04-27 12:35:18] EDIT smartapp/controllers/default.py: 0
[2015-04-27 12:36:19] EDIT smartapp/controllers/default.py: 0
[2015-04-27 12:36:29] EDIT smartapp/controllers/default.py: 0
[2015-04-27 12:38:08] EDIT smartapp/controllers/default.py: 0
[2015-04-27 12:38:18] EDIT smartapp/controllers/default.py: 0
[2015-04-27 12:38:22] EDIT smartapp/controllers/default.py: 0
[2015-04-27 12:38:56] EDIT smartapp/controllers/default.py: 0
[2015-04-27 12:39:19] EDIT smartapp/controllers/default.py: 1
[2015-04-27 12:41:06] EDIT smartapp/controllers/default.py: 0
[2015-04-27 12:41:08] EDIT smartapp/controllers/default.py: 0
[2015-04-27 12:41:08] EDIT smartapp/controllers/default.py: 0
[2015-04-27 12:41:42] EDIT smartapp/controllers/default.py: 0
[2015-04-27 12:41:43] EDIT smartapp/controllers/default.py: 0
[2015-04-27 12:41:52] EDIT smartapp/controllers/default.py: -1
[2015-04-27 12:41:59] EDIT smartapp/controllers/default.py: -1
[2015-04-27 12:42:18] EDIT smartapp/controllers/default.py: 0
[2015-04-27 12:42:27] EDIT smartapp/controllers/default.py: 0
[2015-04-27 12:42:28] EDIT smartapp/controllers/default.py: 0
[2015-04-27 12:42:47] EDIT smartapp/controllers/default.py: 1
[2015-04-27 12:43:05] EDIT smartapp/controllers/default.py: -1
[2015-04-27 12:43:30] EDIT smartapp/controllers/default.py: 0
[2015-04-27 12:51:12] EDIT smartapp/models/db.py: 0
[2015-04-27 12:51:19] EDIT smartapp/models/db.py: 0
[2015-04-27 12:51:23] EDIT smartapp/models/db.py: 0
[2015-04-27 12:54:32] EDIT smartapp/controllers/default.py: 1
[2015-04-27 12:54:44] EDIT smartapp/controllers/default.py: -1
[2015-04-27 12:55:03] EDIT smartapp/controllers/default.py: 0
[2015-04-27 12:55:05] EDIT smartapp/controllers/default.py: 0
[2015-04-27 12:56:24] EDIT smartapp/controllers/default.py: 0
[2015-04-27 12:56:52] EDIT smartapp/models/db.py: 0
[2015-04-27 12:59:39] EDIT smartapp/controllers/default.py: 0
[2015-04-27 12:59:54] EDIT smartapp/controllers/default.py: 0
[2015-04-29 12:43:50] EDIT smartapp/models/db.py: 3
[2015-04-29 12:44:59] EDIT smartapp/models/db.py: 2
[2015-04-29 12:45:00] EDIT smartapp/models/db.py: 0
[2015-04-29 12:45:32] EDIT smartapp/models/db.py: 0
[2015-04-29 12:46:15] EDIT smartapp/models/db.py: 2
[2015-04-29 12:49:35] EDIT smartapp/models/db.py: 0
[2015-04-29 12:50:28] EDIT smartapp/models/db.py: 0
[2015-04-29 12:50:29] EDIT smartapp/models/db.py: 0
[2015-04-29 12:51:21] EDIT smartapp/models/db.py: 0
[2015-04-29 12:51:22] EDIT smartapp/models/db.py: 0
[2015-04-29 12:51:23] EDIT smartapp/models/db.py: 0
[2015-04-29 22:37:42] EDIT smartapp/models/db.py: 0
[2015-04-29 22:39:41] EDIT smartapp/models/db.py: 1
[2015-04-29 22:40:29] EDIT smartapp/models/db.py: 1
[2015-04-29 22:41:56] EDIT smartapp/models/db.py: 0
[2015-04-29 22:44:39] EDIT smartapp/controllers/default.py: 3
[2015-04-29 22:44:44] EDIT smartapp/controllers/default.py: 0
[2015-04-29 22:45:17] EDIT smartapp/controllers/default.py: 0
[2015-04-29 22:46:14] EDIT smartapp/models/db.py: 0
[2015-04-29 22:46:15] EDIT smartapp/models/db.py: 0
[2015-04-29 22:49:44] EDIT smartapp/controllers/default.py: 8
[2015-04-29 22:49:51] EDIT smartapp/controllers/default.py: 0
[2015-04-29 22:50:26] EDIT smartapp/controllers/default.py: -3
[2015-04-29 22:50:31] EDIT smartapp/controllers/default.py: 0
[2015-04-29 22:51:04] EDIT smartapp/controllers/default.py: -2
[2015-04-29 22:51:04] EDIT smartapp/controllers/default.py: 0
[2015-04-29 23:01:08] EDIT smartapp/controllers/default.py: 3
[2015-04-29 23:01:24] EDIT smartapp/controllers/default.py: -1
[2015-04-29 23:01:25] EDIT smartapp/controllers/default.py: 0
[2015-04-29 23:04:53] EDIT smartapp/controllers/default.py: 0
[2015-04-29 23:05:03] EDIT smartapp/controllers/default.py: 0
[2015-04-29 23:09:50] EDIT smartapp/controllers/default.py: 0
[2015-04-29 23:10:13] EDIT smartapp/controllers/default.py: 0
[2015-04-29 23:11:14] EDIT smartapp/controllers/default.py: 0
[2015-04-29 23:11:19] EDIT smartapp/controllers/default.py: 0
[2015-04-29 23:14:03] EDIT smartapp/controllers/default.py: 0
[2015-04-29 23:14:33] EDIT smartapp/controllers/default.py: 0
[2015-04-29 23:14:54] EDIT smartapp/controllers/default.py: 0
[2015-04-29 23:16:15] EDIT smartapp/controllers/default.py: 0
[2015-04-29 23:24:55] EDIT smartapp/controllers/default.py: 1
[2015-04-29 23:25:01] EDIT smartapp/controllers/default.py: 0
[2015-04-29 23:29:07] EDIT smartapp/controllers/default.py: 1
[2015-04-29 23:29:21] EDIT smartapp/controllers/default.py: 0
[2015-04-29 23:29:26] EDIT smartapp/controllers/default.py: 0
[2015-04-29 23:44:07] EDIT smartapp/models/db.py: 1
[2015-04-29 23:44:07] EDIT smartapp/models/db.py: 0
[2015-04-29 23:44:49] EDIT smartapp/controllers/default.py: 0
[2015-04-29 23:50:07] EDIT smartapp/controllers/default.py: 0
[2015-04-29 23:51:15] EDIT smartapp/controllers/default.py: 0
[2015-04-29 23:51:22] EDIT smartapp/controllers/default.py: 0
[2015-05-01 18:11:05] EDIT smartapp/controllers/default.py: 1
[2015-05-01 18:11:06] EDIT smartapp/controllers/default.py: 0
[2015-05-01 18:11:10] EDIT smartapp/controllers/default.py: 0
[2015-05-01 18:11:58] EDIT smartapp/controllers/default.py: 0
[2015-05-01 18:11:59] EDIT smartapp/controllers/default.py: 0
[2015-05-01 18:12:54] EDIT smartapp/controllers/default.py: 1
[2015-05-01 18:12:57] EDIT smartapp/controllers/default.py: 0
[2015-05-01 18:13:04] EDIT smartapp/controllers/default.py: 0
[2015-05-01 18:13:14] EDIT smartapp/controllers/default.py: 1
[2015-05-04 15:36:16] EDIT smartapp/controllers/default.py: 0
[2015-05-04 15:37:33] EDIT smartapp/controllers/default.py: 0
[2015-05-04 15:37:34] EDIT smartapp/controllers/default.py: 0
[2015-05-04 15:37:34] EDIT smartapp/controllers/default.py: 0
[2015-05-04 15:37:35] EDIT smartapp/controllers/default.py: 0
[2015-05-04 15:37:40] EDIT smartapp/controllers/default.py: 0
[2015-05-04 15:38:11] EDIT smartapp/controllers/default.py: -7
[2015-05-04 15:38:11] EDIT smartapp/controllers/default.py: 0
[2015-05-04 15:56:56] EDIT smartapp/controllers/default.py: 0
[2015-05-04 15:56:57] EDIT smartapp/controllers/default.py: 0
[2015-05-04 16:00:36] EDIT smartapp/controllers/default.py: 0
[2015-05-04 16:01:25] EDIT smartapp/controllers/default.py: 0
[2015-05-04 16:01:25] EDIT smartapp/controllers/default.py: 0
[2015-05-04 16:02:15] EDIT smartapp/controllers/default.py: 0
[2015-05-04 16:02:15] EDIT smartapp/controllers/default.py: 0
[2015-05-07 12:43:18] EDIT smartapp/models/db.py: 10
[2015-05-07 12:43:53] EDIT smartapp/models/db.py: 0
[2015-05-07 12:47:21] EDIT smartapp/models/db.py: 0
[2015-05-07 12:47:22] EDIT smartapp/models/db.py: 0
[2015-05-07 12:47:25] EDIT smartapp/models/db.py: 0
[2015-05-07 12:47:25] EDIT smartapp/models/db.py: 0
[2015-05-07 12:47:38] EDIT smartapp/models/db.py: 0
[2015-05-07 12:47:43] EDIT smartapp/models/db.py: 0
[2015-05-07 12:47:44] EDIT smartapp/models/db.py: 0
[2015-05-07 12:47:48] EDIT smartapp/models/db.py: 0
[2015-05-07 12:48:19] EDIT smartapp/models/db.py: 0
[2015-05-07 12:49:45] EDIT smartapp/models/db.py: 1
[2015-05-07 12:49:46] EDIT smartapp/models/db.py: 0
[2015-05-07 12:49:52] EDIT smartapp/models/db.py: 0
[2015-05-07 12:49:59] EDIT smartapp/models/db.py: 0
[2015-05-07 12:50:53] EDIT smartapp/models/db.py: 0
[2015-05-07 12:51:16] EDIT smartapp/models/db.py: 0
[2015-05-07 12:51:21] EDIT smartapp/models/db.py: 0
[2015-05-07 12:53:19] EDIT smartapp/models/db.py: -1
[2015-05-07 12:53:50] EDIT smartapp/models/db.py: 0
[2015-05-07 12:54:38] EDIT smartapp/models/db.py: 1
[2015-05-07 12:54:50] EDIT smartapp/models/db.py: 0
[2015-05-07 12:54:50] EDIT smartapp/models/db.py: 0
[2015-05-07 12:55:16] EDIT smartapp/models/db.py: 0
[2015-05-07 12:55:16] EDIT smartapp/models/db.py: 0
[2015-05-07 12:55:27] EDIT smartapp/models/db.py: 0
[2015-05-07 12:58:33] EDIT smartapp/controllers/default.py: 17
[2015-05-07 12:58:43] EDIT smartapp/controllers/default.py: 0
[2015-05-07 12:58:53] EDIT smartapp/controllers/default.py: 0
[2015-05-07 12:58:58] EDIT smartapp/controllers/default.py: 0
[2015-05-07 12:59:06] EDIT smartapp/controllers/default.py: -1
[2015-05-07 12:59:26] EDIT smartapp/controllers/default.py: 1
[2015-05-07 13:00:01] EDIT smartapp/controllers/default.py: 0
[2015-05-07 13:01:47] EDIT smartapp/controllers/default.py: 0
[2015-05-07 13:02:36] EDIT smartapp/controllers/default.py: 0
[2015-05-07 13:04:02] EDIT smartapp/controllers/default.py: 0
[2015-05-07 13:05:01] EDIT smartapp/controllers/default.py: 0
[2015-05-07 13:05:24] EDIT smartapp/controllers/default.py: 0
[2015-05-07 13:05:42] EDIT smartapp/controllers/default.py: 0
[2015-05-07 15:18:15] EDIT smartapp/controllers/default.py: 0
[2015-05-07 15:18:15] EDIT smartapp/controllers/default.py: 0
[2015-05-07 15:18:38] EDIT smartapp/controllers/default.py: 0
[2015-05-07 15:18:38] EDIT smartapp/controllers/default.py: 0
[2015-05-07 16:10:55] EDIT smartapp/controllers/default.py: 42
[2015-05-07 16:11:34] EDIT smartapp/controllers/default.py: -4
[2015-05-07 16:12:50] EDIT smartapp/controllers/default.py: 0
[2015-05-07 16:15:30] EDIT smartapp/controllers/default.py: 1
[2015-05-07 16:16:11] EDIT smartapp/controllers/default.py: 1
[2015-05-07 16:18:12] EDIT smartapp/controllers/default.py: 0
[2015-05-07 16:18:12] EDIT smartapp/controllers/default.py: 0
[2015-05-07 16:18:41] EDIT smartapp/controllers/default.py: -4
[2015-05-07 16:18:41] EDIT smartapp/controllers/default.py: 0
[2015-05-07 16:20:54] EDIT smartapp/controllers/default.py: 1
[2015-05-07 16:20:54] EDIT smartapp/controllers/default.py: 0
[2015-05-07 16:21:44] EDIT smartapp/controllers/default.py: 0
[2015-05-07 16:22:18] EDIT smartapp/controllers/default.py: 0
[2015-05-07 16:22:19] EDIT smartapp/controllers/default.py: 0
[2015-05-07 16:22:31] EDIT smartapp/controllers/default.py: 0
[2015-05-07 16:24:19] EDIT smartapp/controllers/default.py: -2
[2015-05-07 16:25:39] EDIT smartapp/controllers/default.py: 1
[2015-05-07 16:25:43] EDIT smartapp/controllers/default.py: 0
[2015-05-07 16:26:34] EDIT smartapp/controllers/default.py: 0
[2015-05-07 16:26:35] EDIT smartapp/controllers/default.py: 0
[2015-05-07 16:29:48] EDIT smartapp/controllers/default.py: 0
[2015-05-07 16:29:48] EDIT smartapp/controllers/default.py: 0
[2015-05-07 16:32:11] EDIT smartapp/controllers/default.py: 0
[2015-05-07 16:34:01] EDIT smartapp/controllers/default.py: 0
[2015-05-07 16:34:02] EDIT smartapp/controllers/default.py: 0
[2015-05-07 16:34:26] EDIT smartapp/controllers/default.py: -1
[2015-05-07 16:34:27] EDIT smartapp/controllers/default.py: 0
[2015-05-07 16:34:44] EDIT smartapp/controllers/default.py: 0
[2015-05-07 16:35:41] EDIT smartapp/controllers/default.py: 0
[2015-05-07 16:35:46] EDIT smartapp/controllers/default.py: 0
[2015-05-07 16:35:46] EDIT smartapp/controllers/default.py: 0
[2015-05-07 16:36:06] EDIT smartapp/controllers/default.py: 0
[2015-05-07 16:36:07] EDIT smartapp/controllers/default.py: 0
[2015-05-07 16:36:13] EDIT smartapp/controllers/default.py: 0
[2015-05-07 16:42:04] EDIT smartapp/controllers/default.py: 2
[2015-05-07 16:42:13] EDIT smartapp/controllers/default.py: 0
[2015-05-07 16:42:25] EDIT smartapp/controllers/default.py: 0
[2015-05-07 16:42:58] EDIT smartapp/controllers/default.py: 0
[2015-05-07 16:45:32] EDIT smartapp/controllers/default.py: 0
[2015-05-07 16:47:15] EDIT smartapp/controllers/default.py: 37
[2015-05-07 16:47:33] EDIT smartapp/controllers/default.py: 0
[2015-05-07 16:47:57] EDIT smartapp/controllers/default.py: 1
[2015-05-07 16:48:09] EDIT smartapp/controllers/default.py: 0
[2015-05-07 16:50:18] EDIT smartapp/controllers/default.py: 0
[2015-05-07 16:56:23] EDIT smartapp/controllers/default.py: 1
[2015-05-07 16:56:24] EDIT smartapp/controllers/default.py: 0
[2015-05-07 16:57:58] EDIT smartapp/controllers/default.py: 39
[2015-05-07 16:58:24] EDIT smartapp/controllers/default.py: -3
[2015-05-07 17:02:22] EDIT smartapp/controllers/default.py: 0
[2015-05-07 19:30:34] EDIT smartapp/controllers/default.py: 0
[2015-05-07 19:30:49] EDIT smartapp/controllers/default.py: 0
[2015-05-07 19:34:43] EDIT smartapp/controllers/default.py: 1
[2015-05-07 19:34:51] EDIT smartapp/controllers/default.py: 0
[2015-05-07 19:35:02] EDIT smartapp/controllers/default.py: 0
[2015-05-07 19:35:30] EDIT smartapp/controllers/default.py: 1
[2015-05-07 19:35:36] EDIT smartapp/controllers/default.py: 0
[2015-05-07 19:36:54] EDIT smartapp/controllers/default.py: 0
[2015-05-07 19:37:24] EDIT smartapp/controllers/default.py: 1
[2015-05-07 19:37:25] EDIT smartapp/controllers/default.py: 0
[2015-05-07 19:37:52] EDIT smartapp/controllers/default.py: 0
[2015-05-07 19:38:14] EDIT smartapp/controllers/default.py: -2
[2015-05-07 19:41:37] EDIT smartapp/controllers/default.py: 1
[2015-05-07 19:42:01] EDIT smartapp/controllers/default.py: 0
[2015-05-07 19:42:25] EDIT smartapp/controllers/default.py: 2
[2015-05-07 19:42:41] EDIT smartapp/controllers/default.py: 0
[2015-05-07 19:42:48] EDIT smartapp/controllers/default.py: -1
[2015-05-07 19:42:49] EDIT smartapp/controllers/default.py: 0
[2015-05-07 19:42:56] EDIT smartapp/controllers/default.py: 0
[2015-05-07 19:43:52] EDIT smartapp/controllers/default.py: 0
[2015-05-07 19:44:02] EDIT smartapp/controllers/default.py: 0
[2015-05-07 19:46:08] EDIT smartapp/controllers/default.py: -1
[2015-05-07 19:47:30] EDIT smartapp/controllers/default.py: 0
[2015-05-07 19:48:24] EDIT smartapp/controllers/default.py: 0
[2015-05-07 19:48:25] EDIT smartapp/controllers/default.py: 0
[2015-05-07 19:48:31] EDIT smartapp/controllers/default.py: 0
[2015-05-07 19:48:38] EDIT smartapp/controllers/default.py: 0
[2015-05-07 19:51:07] EDIT smartapp/controllers/default.py: 1
[2015-05-07 19:51:31] EDIT smartapp/controllers/default.py: 1
[2015-05-07 19:51:38] EDIT smartapp/controllers/default.py: 0
[2015-05-07 19:53:47] EDIT smartapp/controllers/default.py: 0
[2015-05-07 19:54:03] EDIT smartapp/controllers/default.py: 0
[2015-05-07 19:54:05] EDIT smartapp/controllers/default.py: 0
[2015-05-07 19:54:21] EDIT smartapp/controllers/default.py: 0
[2015-05-07 19:56:49] EDIT smartapp/controllers/default.py: 0
[2015-05-07 19:56:58] EDIT smartapp/controllers/default.py: 0
[2015-05-07 19:57:02] EDIT smartapp/controllers/default.py: 0
[2015-05-07 19:59:50] EDIT smartapp/controllers/default.py: 0
[2015-05-07 19:59:52] EDIT smartapp/controllers/default.py: 0
[2015-05-07 20:00:52] EDIT smartapp/controllers/default.py: 1
[2015-05-07 20:01:07] EDIT smartapp/controllers/default.py: 0
[2015-05-07 20:01:14] EDIT smartapp/controllers/default.py: 0
[2015-05-07 20:01:15] EDIT smartapp/controllers/default.py: 0
[2015-05-07 20:01:21] EDIT smartapp/controllers/default.py: 0
[2015-05-07 20:01:28] EDIT smartapp/controllers/default.py: 0
[2015-05-07 20:01:38] EDIT smartapp/controllers/default.py: 0
[2015-05-07 20:01:39] EDIT smartapp/controllers/default.py: 0
[2015-05-07 20:02:56] EDIT smartapp/controllers/default.py: 0
[2015-05-07 20:03:13] EDIT smartapp/controllers/default.py: 0
[2015-05-07 20:03:14] EDIT smartapp/controllers/default.py: 0
[2015-05-07 20:03:27] EDIT smartapp/controllers/default.py: 0
[2015-05-07 20:03:30] EDIT smartapp/controllers/default.py: 0
[2015-05-07 20:03:41] EDIT smartapp/controllers/default.py: 0
[2015-05-07 20:03:46] EDIT smartapp/controllers/default.py: 0
[2015-05-07 20:03:52] EDIT smartapp/controllers/default.py: 0
[2015-05-07 20:03:54] EDIT smartapp/controllers/default.py: 0
[2015-05-07 20:03:54] EDIT smartapp/controllers/default.py: 0
[2015-05-07 20:03:56] EDIT smartapp/controllers/default.py: 0
[2015-05-07 20:03:58] EDIT smartapp/controllers/default.py: 0
[2015-05-07 20:04:05] EDIT smartapp/controllers/default.py: 0
[2015-05-07 20:04:06] EDIT smartapp/controllers/default.py: 0
[2015-05-07 20:04:10] EDIT smartapp/controllers/default.py: 0
[2015-05-07 20:04:14] EDIT smartapp/controllers/default.py: 0
[2015-05-07 20:04:20] EDIT smartapp/controllers/default.py: 0
[2015-05-07 20:04:49] EDIT smartapp/controllers/default.py: -1
[2015-05-07 20:05:14] EDIT smartapp/controllers/default.py: 0
[2015-05-07 20:05:22] EDIT smartapp/controllers/default.py: 0
[2015-05-07 20:05:31] EDIT smartapp/controllers/default.py: 0
[2015-05-07 20:05:36] EDIT smartapp/controllers/default.py: 0
[2015-05-07 20:06:01] EDIT smartapp/controllers/default.py: 0
[2015-05-07 20:06:04] EDIT smartapp/controllers/default.py: 0
[2015-05-07 20:06:11] EDIT smartapp/controllers/default.py: 0
[2015-05-07 20:06:15] EDIT smartapp/controllers/default.py: 0
[2015-05-07 20:06:19] EDIT smartapp/controllers/default.py: 0
[2015-05-07 20:07:39] EDIT smartapp/controllers/default.py: -5
[2015-05-07 20:08:23] EDIT smartapp/controllers/default.py: 0
[2015-05-07 20:09:34] EDIT smartapp/controllers/default.py: 1
[2015-05-07 20:09:40] EDIT smartapp/controllers/default.py: 0
[2015-05-07 20:09:43] EDIT smartapp/controllers/default.py: 0
[2015-05-07 20:09:57] EDIT smartapp/controllers/default.py: 0
[2015-05-07 20:10:02] EDIT smartapp/controllers/default.py: 0
[2015-05-07 20:10:41] EDIT smartapp/controllers/default.py: 0
[2015-05-07 20:10:54] EDIT smartapp/controllers/default.py: 0
[2015-05-07 20:10:59] EDIT smartapp/controllers/default.py: 0
[2015-05-07 20:11:22] EDIT smartapp/controllers/default.py: -1
[2015-05-07 20:12:32] EDIT smartapp/controllers/default.py: 1
[2015-05-07 20:12:38] EDIT smartapp/controllers/default.py: 0
[2015-05-07 20:12:42] EDIT smartapp/controllers/default.py: 0
[2015-05-07 20:12:55] EDIT smartapp/controllers/default.py: 0
[2015-05-07 20:13:02] EDIT smartapp/controllers/default.py: 0
[2015-05-07 20:13:03] EDIT smartapp/controllers/default.py: 0
[2015-05-07 20:13:05] EDIT smartapp/controllers/default.py: 0
[2015-05-07 20:13:07] EDIT smartapp/controllers/default.py: 0
[2015-05-07 20:13:14] EDIT smartapp/controllers/default.py: 0
[2015-05-07 20:13:15] EDIT smartapp/controllers/default.py: 0
[2015-05-07 20:13:18] EDIT smartapp/controllers/default.py: 0
[2015-05-07 20:13:28] EDIT smartapp/controllers/default.py: 0
[2015-05-07 20:13:28] EDIT smartapp/controllers/default.py: 0
[2015-05-07 20:13:34] EDIT smartapp/controllers/default.py: 0
[2015-05-07 20:13:44] EDIT smartapp/controllers/default.py: 0
[2015-05-07 20:14:05] EDIT smartapp/controllers/default.py: 0
[2015-05-07 20:14:33] EDIT smartapp/controllers/default.py: 0
[2015-05-07 20:15:24] EDIT smartapp/controllers/default.py: 1
[2015-05-07 20:15:29] EDIT smartapp/controllers/default.py: 0
[2015-05-07 20:15:55] EDIT smartapp/controllers/default.py: 0
[2015-05-07 20:15:55] EDIT smartapp/controllers/default.py: 0
[2015-05-07 20:16:18] EDIT smartapp/controllers/default.py: 0
[2015-05-07 20:16:54] EDIT smartapp/controllers/default.py: -1
[2015-05-07 20:19:22] EDIT smartapp/controllers/default.py: 0
[2015-05-07 20:19:36] EDIT smartapp/controllers/default.py: 0
[2015-05-07 20:19:41] EDIT smartapp/controllers/default.py: 0
[2015-05-07 20:19:45] EDIT smartapp/controllers/default.py: 0
[2015-05-07 20:19:49] EDIT smartapp/controllers/default.py: 0
[2015-05-07 20:19:52] EDIT smartapp/controllers/default.py: 0
[2015-05-07 20:19:57] EDIT smartapp/controllers/default.py: 0
[2015-05-07 20:20:00] EDIT smartapp/controllers/default.py: 0
[2015-05-07 20:20:10] EDIT smartapp/controllers/default.py: 0
[2015-05-07 20:20:20] EDIT smartapp/controllers/default.py: 0
[2015-05-07 20:20:33] EDIT smartapp/controllers/default.py: 0
[2015-05-07 20:20:45] EDIT smartapp/controllers/default.py: 0
[2015-05-07 20:21:19] EDIT smartapp/controllers/default.py: 0
[2015-05-07 20:21:32] EDIT smartapp/controllers/default.py: 0
[2015-05-07 20:22:16] EDIT smartapp/controllers/default.py: 0
[2015-05-07 20:23:03] EDIT smartapp/controllers/default.py: 0
[2015-05-07 20:23:08] EDIT smartapp/controllers/default.py: 0
[2015-05-07 20:23:13] EDIT smartapp/controllers/default.py: 0
[2015-05-07 20:23:23] EDIT smartapp/controllers/default.py: 0
[2015-05-07 20:23:34] EDIT smartapp/controllers/default.py: 0
[2015-05-07 20:23:40] EDIT smartapp/controllers/default.py: 0
[2015-05-07 20:24:02] EDIT smartapp/controllers/default.py: 0
[2015-05-07 20:24:06] EDIT smartapp/controllers/default.py: 0
[2015-05-07 20:24:17] EDIT smartapp/controllers/default.py: 0
[2015-05-07 20:24:21] EDIT smartapp/controllers/default.py: 0
[2015-05-07 20:28:25] EDIT smartapp/controllers/default.py: 0
[2015-05-07 20:28:30] EDIT smartapp/controllers/default.py: 0
[2015-05-07 20:28:55] EDIT smartapp/controllers/default.py: 0
[2015-05-07 20:29:08] EDIT smartapp/controllers/default.py: 0
[2015-05-07 20:29:17] EDIT smartapp/controllers/default.py: 0
[2015-05-07 20:29:27] EDIT smartapp/controllers/default.py: 0
[2015-05-07 20:29:35] EDIT smartapp/controllers/default.py: 0
[2015-05-07 20:31:25] EDIT smartapp/controllers/default.py: 1
[2015-05-07 20:31:33] EDIT smartapp/controllers/default.py: 0
[2015-05-07 20:31:37] EDIT smartapp/controllers/default.py: 0
[2015-05-07 20:32:10] EDIT smartapp/controllers/default.py: 3
[2015-05-07 20:32:52] EDIT smartapp/controllers/default.py: -1
[2015-05-07 20:33:11] EDIT smartapp/controllers/default.py: -2
[2015-05-07 20:33:17] EDIT smartapp/controllers/default.py: 0
[2015-05-07 20:33:47] EDIT smartapp/controllers/default.py: 3
[2015-05-07 20:34:16] EDIT smartapp/controllers/default.py: 0
[2015-05-07 20:34:26] EDIT smartapp/controllers/default.py: 0
[2015-05-07 20:34:43] EDIT smartapp/controllers/default.py: 1
[2015-05-07 20:35:02] EDIT smartapp/controllers/default.py: 0
[2015-05-07 20:36:25] EDIT smartapp/controllers/default.py: 0
[2015-05-07 20:37:06] EDIT smartapp/controllers/default.py: 0
[2015-05-07 20:38:02] EDIT smartapp/controllers/default.py: 4
[2015-05-07 20:38:10] EDIT smartapp/controllers/default.py: 0
[2015-05-07 20:41:04] EDIT smartapp/controllers/default.py: -1
[2015-05-07 21:09:53] EDIT smartapp/controllers/default.py: 3
[2015-05-07 21:10:19] EDIT smartapp/controllers/default.py: 0
[2015-05-11 15:53:04] EDIT smartapp/models/db.py: 11
[2015-05-11 15:53:39] EDIT smartapp/models/db.py: -4
[2015-05-11 15:53:42] EDIT smartapp/models/db.py: 0
[2015-05-11 15:53:47] EDIT smartapp/models/db.py: 0
[2015-05-11 15:53:58] EDIT smartapp/models/db.py: -1
[2015-05-11 15:54:23] EDIT smartapp/models/db.py: 0
[2015-05-11 15:59:53] EDIT smartapp/controllers/default.py: 6
[2015-05-11 16:01:56] EDIT smartapp/controllers/default.py: 0
[2015-05-11 16:03:09] EDIT smartapp/controllers/default.py: 0
[2015-05-11 16:03:20] EDIT smartapp/controllers/default.py: 0
[2015-05-11 16:03:29] EDIT smartapp/controllers/default.py: -2
[2015-05-11 16:03:39] EDIT smartapp/models/db.py: 0
[2015-05-11 16:07:37] EDIT smartapp/models/db.py: 0
[2015-05-11 16:07:46] EDIT smartapp/models/db.py: 0
[2015-05-11 16:08:27] EDIT smartapp/models/db.py: 0
[2015-05-11 16:08:28] EDIT smartapp/models/db.py: 0
[2015-05-11 16:11:19] EDIT smartapp/models/db.py: 0
[2015-05-11 16:11:19] EDIT smartapp/models/db.py: 0
[2015-05-11 16:17:25] EDIT smartapp/controllers/default.py: 0
[2015-05-11 16:18:20] EDIT smartapp/controllers/default.py: 0
[2015-05-11 16:19:55] EDIT smartapp/controllers/default.py: 0
[2015-05-11 16:20:07] EDIT smartapp/controllers/default.py: 0
[2015-05-11 16:22:02] EDIT smartapp/models/db.py: 1
[2015-05-11 16:22:03] EDIT smartapp/models/db.py: 0
[2015-05-11 16:22:32] EDIT smartapp/models/db.py: 1
[2015-05-11 16:22:38] EDIT smartapp/models/db.py: 0
[2015-05-11 16:22:49] EDIT smartapp/models/db.py: 0
[2015-05-11 16:22:55] EDIT smartapp/models/db.py: 0
[2015-05-11 16:23:40] EDIT smartapp/models/db.py: 0
[2015-05-11 16:23:54] EDIT smartapp/controllers/default.py: 0
[2015-05-11 16:24:03] EDIT smartapp/controllers/default.py: 0
[2015-05-11 16:25:13] EDIT smartapp/controllers/default.py: 0
[2015-05-11 16:26:51] EDIT smartapp/controllers/default.py: 0
[2015-05-11 16:26:57] EDIT smartapp/controllers/default.py: 0
[2015-05-11 16:27:12] EDIT smartapp/controllers/default.py: 0
[2015-05-11 16:36:12] EDIT smartapp/controllers/default.py: 6
[2015-05-11 16:36:25] EDIT smartapp/controllers/default.py: 0
[2015-05-11 16:36:42] EDIT smartapp/controllers/default.py: 0
[2015-05-11 16:37:08] EDIT smartapp/controllers/default.py: 0
[2015-05-11 16:37:25] EDIT smartapp/controllers/default.py: -1
[2015-05-11 16:38:33] EDIT smartapp/controllers/default.py: 0
[2015-05-11 16:38:34] EDIT smartapp/controllers/default.py: 0
[2015-05-11 16:39:33] EDIT smartapp/controllers/default.py: 0
[2015-05-11 16:40:04] EDIT smartapp/controllers/default.py: 0
[2015-05-11 16:40:11] EDIT smartapp/controllers/default.py: 0
[2015-05-11 16:40:32] EDIT smartapp/controllers/default.py: 0
[2015-05-11 16:42:06] EDIT smartapp/controllers/default.py: 1
[2015-05-11 16:42:12] EDIT smartapp/controllers/default.py: 0
[2015-05-11 16:42:15] EDIT smartapp/controllers/default.py: 0
[2015-05-11 16:42:24] EDIT smartapp/controllers/default.py: 0
[2015-05-11 16:44:10] EDIT smartapp/controllers/default.py: 1
[2015-05-11 16:44:49] EDIT smartapp/controllers/default.py: -1
[2015-05-11 16:45:08] EDIT smartapp/controllers/default.py: 0
[2015-05-11 16:45:27] EDIT smartapp/controllers/default.py: 0
[2015-05-11 16:45:28] EDIT smartapp/controllers/default.py: 0
[2015-05-11 16:47:17] EDIT smartapp/controllers/default.py: 0
[2015-05-11 16:47:55] EDIT smartapp/controllers/default.py: -1
[2015-05-11 18:06:18] EDIT smartapp/controllers/default.py: 0
[2015-05-11 18:06:28] EDIT smartapp/controllers/default.py: 0
